# JRE version: Java(TM) SE Runtime Environment (8.0_221-b11) (build 1.8.0_221-b11)
# Java VM: Java HotSpot(TM) 64-Bit Server VM (25.221-b11 mixed mode windows-amd64 compressed oops)
Heap:
 PSYoungGen      total 140288K, used 8229K [0x00000000d6400000, 0x00000000df800000, 0x0000000100000000)
  eden space 130560K, 0% used [0x00000000d6400000,0x00000000d6400000,0x00000000de380000)
  from space 9728K, 84% used [0x00000000ded80000,0x00000000df589798,0x00000000df700000)
  to   space 10240K, 0% used [0x00000000de380000,0x00000000de380000,0x00000000ded80000)
 ParOldGen       total 86016K, used 7957K [0x0000000082c00000, 0x0000000088000000, 0x00000000d6400000)
  object space 86016K, 9% used [0x0000000082c00000,0x00000000833c57a0,0x0000000088000000)
 Metaspace       used 20542K, capacity 21204K, committed 21296K, reserved 1069056K
  class space    used 2460K, capacity 2678K, committed 2688K, reserved 1048576K
GC Heap History (10 events):
Event: 1.198 GC heap after
Heap after GC invocations=2 (full 0):
 PSYoungGen      total 37888K, used 5110K [0x00000000d6400000, 0x00000000d8e00000, 0x0000000100000000)
  eden space 32768K, 0% used [0x00000000d6400000,0x00000000d6400000,0x00000000d8400000)
  from space 5120K, 99% used [0x00000000d8900000,0x00000000d8dfdbf0,0x00000000d8e00000)
  to   space 5120K, 0% used [0x00000000d8400000,0x00000000d8400000,0x00000000d8900000)
 ParOldGen       total 86016K, used 585K [0x0000000082c00000, 0x0000000088000000, 0x00000000d6400000)
  object space 86016K, 0% used [0x0000000082c00000,0x0000000082c92618,0x0000000088000000)
 Metaspace       used 11139K, capacity 11278K, committed 11520K, reserved 1058816K
  class space    used 1351K, capacity 1415K, committed 1536K, reserved 1048576K
}
Event: 1.535 GC heap before
{Heap before GC invocations=3 (full 0):
 PSYoungGen      total 37888K, used 37878K [0x00000000d6400000, 0x00000000d8e00000, 0x0000000100000000)
  eden space 32768K, 100% used [0x00000000d6400000,0x00000000d8400000,0x00000000d8400000)
  from space 5120K, 99% used [0x00000000d8900000,0x00000000d8dfdbf0,0x00000000d8e00000)
  to   space 5120K, 0% used [0x00000000d8400000,0x00000000d8400000,0x00000000d8900000)
 ParOldGen       total 86016K, used 585K [0x0000000082c00000, 0x0000000088000000, 0x00000000d6400000)
  object space 86016K, 0% used [0x0000000082c00000,0x0000000082c92618,0x0000000088000000)
 Metaspace       used 14504K, capacity 14756K, committed 14976K, reserved 1062912K
  class space    used 1799K, capacity 1877K, committed 1920K, reserved 1048576K
Event: 1.541 GC heap after
Heap after GC invocations=3 (full 0):
 PSYoungGen      total 37888K, used 5104K [0x00000000d6400000, 0x00000000dae00000, 0x0000000100000000)
  eden space 32768K, 0% used [0x00000000d6400000,0x00000000d6400000,0x00000000d8400000)
  from space 5120K, 99% used [0x00000000d8400000,0x00000000d88fc048,0x00000000d8900000)
  to   space 5120K, 0% used [0x00000000da900000,0x00000000da900000,0x00000000dae00000)
 ParOldGen       total 86016K, used 2430K [0x0000000082c00000, 0x0000000088000000, 0x00000000d6400000)
  object space 86016K, 2% used [0x0000000082c00000,0x0000000082e5faf8,0x0000000088000000)
 Metaspace       used 14504K, capacity 14756K, committed 14976K, reserved 1062912K
  class space    used 1799K, capacity 1877K, committed 1920K, reserved 1048576K
}
Event: 1.998 GC heap before
{Heap before GC invocations=4 (full 0):
 PSYoungGen      total 37888K, used 37872K [0x00000000d6400000, 0x00000000dae00000, 0x0000000100000000)
  eden space 32768K, 100% used [0x00000000d6400000,0x00000000d8400000,0x00000000d8400000)
  from space 5120K, 99% used [0x00000000d8400000,0x00000000d88fc048,0x00000000d8900000)
  to   space 5120K, 0% used [0x00000000da900000,0x00000000da900000,0x00000000dae00000)
 ParOldGen       total 86016K, used 2430K [0x0000000082c00000, 0x0000000088000000, 0x00000000d6400000)
  object space 86016K, 2% used [0x0000000082c00000,0x0000000082e5faf8,0x0000000088000000)
 Metaspace       used 16357K, capacity 16628K, committed 16768K, reserved 1064960K
  class space    used 1989K, capacity 2113K, committed 2176K, reserved 1048576K
Event: 2.005 GC heap after
Heap after GC invocations=4 (full 0):
 PSYoungGen      total 70656K, used 5104K [0x00000000d6400000, 0x00000000dae00000, 0x0000000100000000)
  eden space 65536K, 0% used [0x00000000d6400000,0x00000000d6400000,0x00000000da400000)
  from space 5120K, 99% used [0x00000000da900000,0x00000000dadfc030,0x00000000dae00000)
  to   space 5120K, 0% used [0x00000000da400000,0x00000000da400000,0x00000000da900000)
 ParOldGen       total 86016K, used 4466K [0x0000000082c00000, 0x0000000088000000, 0x00000000d6400000)
  object space 86016K, 5% used [0x0000000082c00000,0x000000008305cb40,0x0000000088000000)
 Metaspace       used 16357K, capacity 16628K, committed 16768K, reserved 1064960K
  class space    used 1989K, capacity 2113K, committed 2176K, reserved 1048576K
}
Event: 2.756 GC heap before
{Heap before GC invocations=5 (full 0):
 PSYoungGen      total 70656K, used 70640K [0x00000000d6400000, 0x00000000dae00000, 0x0000000100000000)
  eden space 65536K, 100% used [0x00000000d6400000,0x00000000da400000,0x00000000da400000)
  from space 5120K, 99% used [0x00000000da900000,0x00000000dadfc030,0x00000000dae00000)
  to   space 5120K, 0% used [0x00000000da400000,0x00000000da400000,0x00000000da900000)
 ParOldGen       total 86016K, used 4466K [0x0000000082c00000, 0x0000000088000000, 0x00000000d6400000)
  object space 86016K, 5% used [0x0000000082c00000,0x000000008305cb40,0x0000000088000000)
 Metaspace       used 17689K, capacity 18200K, committed 18432K, reserved 1064960K
  class space    used 2076K, capacity 2228K, committed 2304K, reserved 1048576K
Event: 2.764 GC heap after
Heap after GC invocations=5 (full 0):
 PSYoungGen      total 70656K, used 5104K [0x00000000d6400000, 0x00000000df700000, 0x0000000100000000)
  eden space 65536K, 0% used [0x00000000d6400000,0x00000000d6400000,0x00000000da400000)
  from space 5120K, 99% used [0x00000000da400000,0x00000000da8fc030,0x00000000da900000)
  to   space 9728K, 0% used [0x00000000ded80000,0x00000000ded80000,0x00000000df700000)
 ParOldGen       total 86016K, used 7949K [0x0000000082c00000, 0x0000000088000000, 0x00000000d6400000)
  object space 86016K, 9% used [0x0000000082c00000,0x00000000833c37a0,0x0000000088000000)
 Metaspace       used 17689K, capacity 18200K, committed 18432K, reserved 1064960K
  class space    used 2076K, capacity 2228K, committed 2304K, reserved 1048576K
}
Event: 3.359 GC heap before
{Heap before GC invocations=6 (full 0):
 PSYoungGen      total 70656K, used 49396K [0x00000000d6400000, 0x00000000df700000, 0x0000000100000000)
  eden space 65536K, 67% used [0x00000000d6400000,0x00000000d8f410c0,0x00000000da400000)
  from space 5120K, 99% used [0x00000000da400000,0x00000000da8fc030,0x00000000da900000)
  to   space 9728K, 0% used [0x00000000ded80000,0x00000000ded80000,0x00000000df700000)
 ParOldGen       total 86016K, used 7949K [0x0000000082c00000, 0x0000000088000000, 0x00000000d6400000)
  object space 86016K, 9% used [0x0000000082c00000,0x00000000833c37a0,0x0000000088000000)
 Metaspace       used 20542K, capacity 21204K, committed 21296K, reserved 1069056K
  class space    used 2460K, capacity 2678K, committed 2688K, reserved 1048576K
Event: 3.372 GC heap after
Heap after GC invocations=6 (full 0):
 PSYoungGen      total 140288K, used 8229K [0x00000000d6400000, 0x00000000df800000, 0x0000000100000000)
  eden space 130560K, 0% used [0x00000000d6400000,0x00000000d6400000,0x00000000de380000)
  from space 9728K, 84% used [0x00000000ded80000,0x00000000df589798,0x00000000df700000)
  to   space 10240K, 0% used [0x00000000de380000,0x00000000de380000,0x00000000ded80000)
 ParOldGen       total 86016K, used 7957K [0x0000000082c00000, 0x0000000088000000, 0x00000000d6400000)
  object space 86016K, 9% used [0x0000000082c00000,0x00000000833c57a0,0x0000000088000000)
 Metaspace       used 20542K, capacity 21204K, committed 21296K, reserved 1069056K
  class space    used 2460K, capacity 2678K, committed 2688K, reserved 1048576K
}
Event: 3.372 GC heap before
{Heap before GC invocations=7 (full 1):
 PSYoungGen      total 140288K, used 8229K [0x00000000d6400000, 0x00000000df800000, 0x0000000100000000)
  eden space 130560K, 0% used [0x00000000d6400000,0x00000000d6400000,0x00000000de380000)
  from space 9728K, 84% used [0x00000000ded80000,0x00000000df589798,0x00000000df700000)
  to   space 10240K, 0% used [0x00000000de380000,0x00000000de380000,0x00000000ded80000)
 ParOldGen       total 86016K, used 7957K [0x0000000082c00000, 0x0000000088000000, 0x00000000d6400000)
  object space 86016K, 9% used [0x0000000082c00000,0x00000000833c57a0,0x0000000088000000)
 Metaspace       used 20542K, capacity 21204K, committed 21296K, reserved 1069056K
  class space    used 2460K, capacity 2678K, committed 2688K, reserved 1048576K

